<?xml version="1.0" encoding="UTF-8"?>
<!-- Generated by org.testng.reporters.JUnitReportReporter -->
<testsuite hostname="iqbal" name="news.Search" tests="1" failures="0" timestamp="17 Jan 2017 01:00:27 GMT" time="54.100" errors="0">
  <testcase name="searchNews" time="54.100" classname="news.Search"/>
</testsuite> <!-- news.Search -->
